[9600:6544:1010/175422.815:WARNING:chrome_main_delegate.cc(747)] This is Chrome version 129.0.6668.101 (not a warning)
[9600:6544:1010/175422.907:INFO:chrome_browser_cloud_management_controller.cc(196)] No machine level policy manager exists.
[6488:10212:1010/175422.941:WARNING:viz_main_impl.cc(85)] VizNullHypothesis is disabled (not a warning)
[9108:11684:1010/175423.042:WARNING:runtime_features.cc(687)] AttributionReporting cannot be enabled in this configuration. Use --enable-features=ConversionMeasurement in addition.
[9108:11684:1010/175423.042:WARNING:runtime_features.cc(701)] AttributionReportingCrossAppWeb cannot be enabled in this configuration. Use --enable-features=ConversionMeasurement,AttributionReportingCrossAppWeb in addition.
[7832:7016:1010/175423.083:WARNING:runtime_features.cc(687)] AttributionReporting cannot be enabled in this configuration. Use --enable-features=ConversionMeasurement in addition.
[7832:7016:1010/175423.083:WARNING:runtime_features.cc(701)] AttributionReportingCrossAppWeb cannot be enabled in this configuration. Use --enable-features=ConversionMeasurement,AttributionReportingCrossAppWeb in addition.
[7832:5128:1010/175423.114:ERROR:command_buffer_proxy_impl.cc(131)] ContextResult::kTransientFailure: Failed to send GpuControl.CreateCommandBuffer.
[2332:7160:1010/175423.257:WARNING:runtime_features.cc(687)] AttributionReporting cannot be enabled in this configuration. Use --enable-features=ConversionMeasurement in addition.
[2332:7160:1010/175423.257:WARNING:runtime_features.cc(701)] AttributionReportingCrossAppWeb cannot be enabled in this configuration. Use --enable-features=ConversionMeasurement,AttributionReportingCrossAppWeb in addition.
[992:11928:1010/175423.476:WARNING:runtime_features.cc(687)] AttributionReporting cannot be enabled in this configuration. Use --enable-features=ConversionMeasurement in addition.
[992:11928:1010/175423.476:WARNING:runtime_features.cc(701)] AttributionReportingCrossAppWeb cannot be enabled in this configuration. Use --enable-features=ConversionMeasurement,AttributionReportingCrossAppWeb in addition.
[2332:1924:1010/175424.386:ERROR:ffmpeg_common.cc(970)] Unsupported pixel format: -1
[11960:6436:1010/175424.896:WARNING:runtime_features.cc(687)] AttributionReporting cannot be enabled in this configuration. Use --enable-features=ConversionMeasurement in addition.
[11960:6436:1010/175424.896:WARNING:runtime_features.cc(701)] AttributionReportingCrossAppWeb cannot be enabled in this configuration. Use --enable-features=ConversionMeasurement,AttributionReportingCrossAppWeb in addition.
[9600:6544:1010/175426.763:INFO:CONSOLE(1900)] "WebSocket error. Retry in 112044ms.", source: https://community.akamai.steamstatic.com/public/javascript/market.js?v=1JYXT6VViKk1&l=english (1900)
[9600:11076:1010/175426.813:ERROR:cert_verify_proc_builtin.cc(1063)] CertVerifyProcBuiltin for cdn.origin.steamstatic.com failed:
----- Certificate i=0 (CN=cdnlb.steamserver.net,O=Valve Corp,L=Bellevue,ST=Washington,C=US) -----
ERROR: No matching issuer found


[11508:2620:1010/175426.814:ERROR:ssl_client_socket_impl.cc(882)] handshake failed; returned -1, SSL error code 1, net_error -202
